[INFO ] 2024/07/05 18:11:01,045 [org.springframework.boot.logging.DeferredLog] [restartedMain]- Devtools property defaults active! Set 'spring.devtools.add-properties' to 'false' to disable
[INFO ] 2024/07/05 18:11:01,048 [org.springframework.boot.logging.DeferredLog] [restartedMain]- For additional web related logging consider setting the 'logging.level.web' property to 'DEBUG'
[INFO ] 2024/07/05 18:11:01,634 [org.springframework.data.repository.config.RepositoryConfigurationDelegate] [restartedMain]- Bootstrapping Spring Data JPA repositories in DEFAULT mode.
[INFO ] 2024/07/05 18:11:01,669 [org.springframework.data.repository.config.RepositoryConfigurationDelegate] [restartedMain]- Finished Spring Data repository scanning in 30 ms. Found 1 JPA repository interface.
[WARN ] 2024/07/05 18:11:01,869 [org.springframework.context.support.PostProcessorRegistrationDelegate$BeanPostProcessorChecker] [restartedMain]- Bean 'org.springframework.ws.config.annotation.DelegatingWsConfiguration' of type [org.springframework.ws.config.annotation.DelegatingWsConfiguration$$SpringCGLIB$$0] is not eligible for getting processed by all BeanPostProcessors (for example: not eligible for auto-proxying). The currently created BeanPostProcessor [annotationActionEndpointMapping] is declared through a non-static factory method on that class; consider declaring it as static instead.
[INFO ] 2024/07/05 18:11:01,890 [org.springframework.ws.soap.addressing.server.AbstractAddressingEndpointMapping] [restartedMain]- Supporting [WS-Addressing August 2004, WS-Addressing 1.0]
[INFO ] 2024/07/05 18:11:02,095 [org.springframework.boot.web.embedded.tomcat.TomcatWebServer] [restartedMain]- Tomcat initialized with port 8000 (http)
[INFO ] 2024/07/05 18:11:02,104 [org.apache.juli.logging.DirectJDKLog] [restartedMain]- Initializing ProtocolHandler ["http-nio-8000"]
[INFO ] 2024/07/05 18:11:02,105 [org.apache.juli.logging.DirectJDKLog] [restartedMain]- Starting service [Tomcat]
[INFO ] 2024/07/05 18:11:02,105 [org.apache.juli.logging.DirectJDKLog] [restartedMain]- Starting Servlet engine: [Apache Tomcat/10.1.20]
[INFO ] 2024/07/05 18:11:02,130 [org.apache.juli.logging.DirectJDKLog] [restartedMain]- Initializing Spring embedded WebApplicationContext
[INFO ] 2024/07/05 18:11:02,130 [org.springframework.boot.web.servlet.context.ServletWebServerApplicationContext] [restartedMain]- Root WebApplicationContext: initialization completed in 1081 ms
[INFO ] 2024/07/05 18:11:02,159 [com.zaxxer.hikari.HikariDataSource] [restartedMain]- HikariPool-1 - Starting...
[INFO ] 2024/07/05 18:11:02,286 [com.zaxxer.hikari.pool.HikariPool] [restartedMain]- HikariPool-1 - Added connection net.sf.log4jdbc.sql.jdbcapi.ConnectionSpy@7275a99a
[INFO ] 2024/07/05 18:11:02,287 [com.zaxxer.hikari.HikariDataSource] [restartedMain]- HikariPool-1 - Start completed.
[INFO ] 2024/07/05 18:11:02,294 [org.springframework.boot.autoconfigure.h2.H2ConsoleAutoConfiguration] [restartedMain]- H2 console available at '/h2-console'. Database available at 'jdbc:h2:mem:test'
[INFO ] 2024/07/05 18:11:02,410 [org.hibernate.jpa.internal.util.LogHelper] [restartedMain]- HHH000204: Processing PersistenceUnitInfo [name: default]
[INFO ] 2024/07/05 18:11:02,446 [org.hibernate.Version] [restartedMain]- HHH000412: Hibernate ORM core version 6.4.4.Final
[INFO ] 2024/07/05 18:11:02,468 [org.hibernate.cache.internal.RegionFactoryInitiator] [restartedMain]- HHH000026: Second-level cache disabled
[INFO ] 2024/07/05 18:11:02,629 [org.springframework.orm.jpa.persistenceunit.SpringPersistenceUnitInfo] [restartedMain]- No LoadTimeWeaver setup: ignoring JPA class transformer
[INFO ] 2024/07/05 18:11:03,200 [org.hibernate.engine.transaction.jta.platform.internal.JtaPlatformInitiator] [restartedMain]- HHH000489: No JTA platform available (set 'hibernate.transaction.jta.platform' to enable JTA platform integration)
[INFO ] 2024/07/05 18:11:03,227 [org.springframework.orm.jpa.AbstractEntityManagerFactoryBean] [restartedMain]- Initialized JPA EntityManagerFactory for persistence unit 'default'
[WARN ] 2024/07/05 18:11:03,493 [org.springframework.boot.autoconfigure.orm.jpa.JpaBaseConfiguration$JpaWebConfiguration] [restartedMain]- spring.jpa.open-in-view is enabled by default. Therefore, database queries may be performed during view rendering. Explicitly configure spring.jpa.open-in-view to disable this warning
[INFO ] 2024/07/05 18:11:03,560 [org.springframework.boot.autoconfigure.web.servlet.WelcomePageHandlerMapping] [restartedMain]- Adding welcome page: class path resource [static/index.html]
[INFO ] 2024/07/05 18:11:03,678 [org.springframework.security.web.DefaultSecurityFilterChain] [restartedMain]- Will secure any request with [org.springframework.security.web.session.DisableEncodeUrlFilter@6b700974, org.springframework.security.web.context.request.async.WebAsyncManagerIntegrationFilter@305cd4df, org.springframework.security.web.context.SecurityContextHolderFilter@57187336, org.springframework.security.web.header.HeaderWriterFilter@76653ecc, org.springframework.web.filter.CorsFilter@3842bc2b, org.springframework.security.web.authentication.logout.LogoutFilter@4c9adf8, org.springframework.security.web.authentication.UsernamePasswordAuthenticationFilter@51d934e1, org.springframework.security.web.savedrequest.RequestCacheAwareFilter@7acd32f2, org.springframework.security.web.servletapi.SecurityContextHolderAwareRequestFilter@3ba00fe8, org.springframework.security.web.authentication.AnonymousAuthenticationFilter@1a9812fa, org.springframework.security.web.access.ExceptionTranslationFilter@13331dfa, org.springframework.security.web.access.intercept.AuthorizationFilter@700e9a16]
[WARN ] 2024/07/05 18:11:03,872 [org.springframework.boot.devtools.autoconfigure.OptionalLiveReloadServer] [restartedMain]- Unable to start LiveReload server
[INFO ] 2024/07/05 18:11:03,888 [org.apache.juli.logging.DirectJDKLog] [restartedMain]- Starting ProtocolHandler ["http-nio-8000"]
[INFO ] 2024/07/05 18:11:03,899 [org.springframework.boot.web.embedded.tomcat.TomcatWebServer] [restartedMain]- Tomcat started on port 8000 (http) with context path '/imooyoni'
